==334350== Memcheck, a memory error detector
==334350== Copyright (C) 2002-2017, and GNU GPL'd, by Julian Seward et al.
==334350== Using Valgrind-3.18.1-42b08ed5bd-20211015 and LibVEX; rerun with -h for copyright info
==334350== Command: build/obj/example.out
==334350== Parent PID: 317958
==334350== 
--334350-- 
--334350-- Valgrind options:
--334350--    -v
--334350--    --tool=memcheck
--334350--    --leak-check=full
--334350--    --num-callers=40
--334350--    --log-file=valgrind.log
--334350-- Contents of /proc/version:
--334350--   Linux version 6.5.0-26-generic (buildd@lcy02-amd64-051) (x86_64-linux-gnu-gcc-12 (Ubuntu 12.3.0-1ubuntu1~22.04) 12.3.0, GNU ld (GNU Binutils for Ubuntu) 2.38) #26~22.04.1-Ubuntu SMP PREEMPT_DYNAMIC Tue Mar 12 10:22:43 UTC 2
--334350-- 
--334350-- Arch and hwcaps: AMD64, LittleEndian, amd64-cx16-lzcnt-rdtscp-sse3-ssse3-avx-avx2-bmi-f16c-rdrand-rdseed
--334350-- Page sizes: currently 4096, max supported 4096
--334350-- Valgrind library directory: /usr/libexec/valgrind
--334350-- Reading syms from /home/user/Documents/fuel_tank_node/build/obj/example.out
--334350-- Reading syms from /usr/lib/x86_64-linux-gnu/ld-linux-x86-64.so.2
--334350--   Considering /usr/lib/debug/.build-id/15/921ea631d9f36502d20459c43e5c85b7d6ab76.debug ..
--334350--   .. build-id is valid
--334350-- Reading syms from /usr/libexec/valgrind/memcheck-amd64-linux
--334350--    object doesn't have a symbol table
--334350--    object doesn't have a dynamic symbol table
--334350-- Scheduler: using generic scheduler lock implementation.
--334350-- Reading suppressions file: /usr/libexec/valgrind/default.supp
==334350== embedded gdbserver: reading from /tmp/vgdb-pipe-from-vgdb-to-334350-by-user-on-???
==334350== embedded gdbserver: writing to   /tmp/vgdb-pipe-to-vgdb-from-334350-by-user-on-???
==334350== embedded gdbserver: shared mem   /tmp/vgdb-pipe-shared-mem-vgdb-334350-by-user-on-???
==334350== 
==334350== TO CONTROL THIS PROCESS USING vgdb (which you probably
==334350== don't want to do, unless you know exactly what you're doing,
==334350== or are doing some strange experiment):
==334350==   /usr/bin/vgdb --pid=334350 ...command...
==334350== 
==334350== TO DEBUG THIS PROCESS USING GDB: start GDB like this
==334350==   /path/to/gdb build/obj/example.out
==334350== and then give GDB the following command
==334350==   target remote | /usr/bin/vgdb --pid=334350
==334350== --pid is optional if only one valgrind process is running
==334350== 
--334350-- REDIR: 0x402aa40 (ld-linux-x86-64.so.2:strlen) redirected to 0x580bcec2 (???)
--334350-- REDIR: 0x402a810 (ld-linux-x86-64.so.2:index) redirected to 0x580bcedc (???)
--334350-- Reading syms from /usr/libexec/valgrind/vgpreload_core-amd64-linux.so
--334350--    object doesn't have a symbol table
--334350-- Reading syms from /usr/libexec/valgrind/vgpreload_memcheck-amd64-linux.so
--334350--    object doesn't have a symbol table
==334350== WARNING: new redirection conflicts with existing -- ignoring it
--334350--     old: 0x0402aa40 (strlen              ) R-> (0000.0) 0x580bcec2 ???
--334350--     new: 0x0402aa40 (strlen              ) R-> (2007.0) 0x0484ee30 strlen
--334350-- REDIR: 0x4027220 (ld-linux-x86-64.so.2:strcmp) redirected to 0x484fcd0 (strcmp)
--334350-- REDIR: 0x402afa0 (ld-linux-x86-64.so.2:mempcpy) redirected to 0x4853840 (mempcpy)
--334350-- Reading syms from /usr/lib/x86_64-linux-gnu/libstdc++.so.6.0.30
--334350--    object doesn't have a symbol table
--334350-- Reading syms from /usr/lib/x86_64-linux-gnu/libgcc_s.so.1
--334350--    object doesn't have a symbol table
--334350-- Reading syms from /usr/lib/x86_64-linux-gnu/libc.so.6
--334350--   Considering /usr/lib/debug/.build-id/c2/89da5071a3399de893d2af81d6a30c62646e1e.debug ..
--334350--   .. build-id is valid
==334350== WARNING: new redirection conflicts with existing -- ignoring it
--334350--     old: 0x04b5ec60 (memalign            ) R-> (1011.0) 0x0484e080 memalign
--334350--     new: 0x04b5ec60 (memalign            ) R-> (1017.0) 0x0484e050 aligned_alloc
==334350== WARNING: new redirection conflicts with existing -- ignoring it
--334350--     old: 0x04b5ec60 (memalign            ) R-> (1011.0) 0x0484e080 memalign
--334350--     new: 0x04b5ec60 (memalign            ) R-> (1017.0) 0x0484e020 aligned_alloc
==334350== WARNING: new redirection conflicts with existing -- ignoring it
--334350--     old: 0x04b5ec60 (memalign            ) R-> (1011.0) 0x0484e080 memalign
--334350--     new: 0x04b5ec60 (memalign            ) R-> (1017.0) 0x0484e050 aligned_alloc
==334350== WARNING: new redirection conflicts with existing -- ignoring it
--334350--     old: 0x04b5ec60 (memalign            ) R-> (1011.0) 0x0484e080 memalign
--334350--     new: 0x04b5ec60 (memalign            ) R-> (1017.0) 0x0484e020 aligned_alloc
--334350-- Reading syms from /usr/lib/x86_64-linux-gnu/libm.so.6
--334350--   Considering /usr/lib/debug/.build-id/a8/8ef0199bd5e742ebd0c359edf5cb2be0ec08b5.debug ..
--334350--   .. build-id is valid
--334350-- REDIR: 0x4b61720 (libc.so.6:strnlen) redirected to 0x483f220 (_vgnU_ifunc_wrapper)
--334350-- REDIR: 0x4b619e0 (libc.so.6:strpbrk) redirected to 0x483f220 (_vgnU_ifunc_wrapper)
--334350-- REDIR: 0x4b612e0 (libc.so.6:strcmp) redirected to 0x483f220 (_vgnU_ifunc_wrapper)
--334350-- REDIR: 0x4b7fcd0 (libc.so.6:wcsnlen) redirected to 0x483f220 (_vgnU_ifunc_wrapper)
--334350-- REDIR: 0x4b626d0 (libc.so.6:memset) redirected to 0x483f220 (_vgnU_ifunc_wrapper)
--334350-- REDIR: 0x4b7e540 (libc.so.6:wcslen) redirected to 0x483f220 (_vgnU_ifunc_wrapper)
--334350-- REDIR: 0x4b62c10 (libc.so.6:memcpy@@GLIBC_2.14) redirected to 0x483f220 (_vgnU_ifunc_wrapper)
--334350-- REDIR: 0x4b7e370 (libc.so.6:wcschr) redirected to 0x483f220 (_vgnU_ifunc_wrapper)
--334350-- REDIR: 0x4b61260 (libc.so.6:index) redirected to 0x483f220 (_vgnU_ifunc_wrapper)
--334350-- REDIR: 0x4b61960 (libc.so.6:rindex) redirected to 0x483f220 (_vgnU_ifunc_wrapper)
--334350-- REDIR: 0x4b625a0 (libc.so.6:memmove) redirected to 0x483f220 (_vgnU_ifunc_wrapper)
==334350== Preferring higher priority redirection:
--334350--     old: 0x04c597c0 (__memcpy_avx_unalign) R-> (2018.0) 0x04850f90 __memcpy_avx_unaligned_erms
--334350--     new: 0x04c597c0 (__memcpy_avx_unalign) R-> (2018.1) 0x04852880 memmove
--334350-- REDIR: 0x4b7e3f0 (libc.so.6:wcscmp) redirected to 0x483f220 (_vgnU_ifunc_wrapper)
--334350-- REDIR: 0x4b629e0 (libc.so.6:stpncpy) redirected to 0x483f220 (_vgnU_ifunc_wrapper)
--334350-- REDIR: 0x4b7e9b0 (libc.so.6:wmemchr) redirected to 0x483f220 (_vgnU_ifunc_wrapper)
--334350-- REDIR: 0x4b61830 (libc.so.6:strncmp) redirected to 0x483f220 (_vgnU_ifunc_wrapper)
--334350-- REDIR: 0x4b62a70 (libc.so.6:strcasecmp) redirected to 0x483f220 (_vgnU_ifunc_wrapper)
--334350-- REDIR: 0x4b61420 (libc.so.6:strcspn) redirected to 0x483f220 (_vgnU_ifunc_wrapper)
--334350-- REDIR: 0x4b7e470 (libc.so.6:wcscpy) redirected to 0x483f220 (_vgnU_ifunc_wrapper)
--334350-- REDIR: 0x4b611d0 (libc.so.6:strcat) redirected to 0x483f220 (_vgnU_ifunc_wrapper)
--334350-- REDIR: 0x4b62b60 (libc.so.6:strncasecmp_l) redirected to 0x483f220 (_vgnU_ifunc_wrapper)
--334350-- REDIR: 0x4b62480 (libc.so.6:bcmp) redirected to 0x483f220 (_vgnU_ifunc_wrapper)
--334350-- REDIR: 0x4b6a570 (libc.so.6:memrchr) redirected to 0x483f220 (_vgnU_ifunc_wrapper)
--334350-- REDIR: 0x4b64010 (libc.so.6:strchrnul) redirected to 0x483f220 (_vgnU_ifunc_wrapper)
--334350-- REDIR: 0x4b61390 (libc.so.6:strcpy) redirected to 0x483f220 (_vgnU_ifunc_wrapper)
--334350-- REDIR: 0x4b62b10 (libc.so.6:strcasecmp_l) redirected to 0x483f220 (_vgnU_ifunc_wrapper)
--334350-- REDIR: 0x4b616a0 (libc.so.6:strlen) redirected to 0x483f220 (_vgnU_ifunc_wrapper)
--334350-- REDIR: 0x4b618d0 (libc.so.6:strncpy) redirected to 0x483f220 (_vgnU_ifunc_wrapper)
--334350-- REDIR: 0x4b62950 (libc.so.6:stpcpy) redirected to 0x483f220 (_vgnU_ifunc_wrapper)
--334350-- REDIR: 0x4b623f0 (libc.so.6:memchr) redirected to 0x483f220 (_vgnU_ifunc_wrapper)
--334350-- REDIR: 0x4b61b00 (libc.so.6:strspn) redirected to 0x483f220 (_vgnU_ifunc_wrapper)
--334350-- REDIR: 0x4b627d0 (libc.so.6:mempcpy) redirected to 0x483f220 (_vgnU_ifunc_wrapper)
--334350-- REDIR: 0x4b62ac0 (libc.so.6:strncasecmp) redirected to 0x483f220 (_vgnU_ifunc_wrapper)
--334350-- REDIR: 0x4b63f80 (libc.so.6:rawmemchr) redirected to 0x483f220 (_vgnU_ifunc_wrapper)
--334350-- REDIR: 0x4c56610 (libc.so.6:__strrchr_avx2) redirected to 0x484e810 (rindex)
--334350-- REDIR: 0x4b5e0a0 (libc.so.6:malloc) redirected to 0x4848820 (malloc)
--334350-- REDIR: 0x4c567e0 (libc.so.6:__strlen_avx2) redirected to 0x484ed10 (strlen)
--334350-- REDIR: 0x4c52a80 (libc.so.6:__memcmp_avx2_movbe) redirected to 0x4852010 (bcmp)
--334350-- REDIR: 0x4c59780 (libc.so.6:__mempcpy_avx_unaligned_erms) redirected to 0x4853440 (mempcpy)
--334350-- REDIR: 0x4b61fc0 (libc.so.6:__GI_strstr) redirected to 0x4853ae0 (__strstr_sse2)
--334350-- REDIR: 0x491b9d0 (libstdc++.so.6:operator new[](unsigned long)) redirected to 0x484a280 (operator new[](unsigned long))
--334350-- REDIR: 0x4c597c0 (libc.so.6:__memcpy_avx_unaligned_erms) redirected to 0x4852880 (memmove)
--334350-- REDIR: 0x4919c40 (libstdc++.so.6:operator delete[](void*)) redirected to 0x484ca20 (operator delete[](void*))
--334350-- REDIR: 0x4b5e3e0 (libc.so.6:free) redirected to 0x484b210 (free)
--334350-- REDIR: 0x4c59f80 (libc.so.6:__memset_avx2_unaligned_erms) redirected to 0x4852770 (memset)
--334350-- REDIR: 0x4c57cb0 (libc.so.6:__strcpy_avx2) redirected to 0x484ee60 (strcpy)
--334350-- REDIR: 0x4c56400 (libc.so.6:__strchrnul_avx2) redirected to 0x4853330 (strchrnul)
==334350== Use of uninitialised value of size 8
==334350==    at 0x1119A4: VtolFuelTank::update_data() (fuel_tank.cpp:150)
==334350==    by 0x1113B8: VtolFuelTank::init(unsigned char, unsigned int, unsigned int, unsigned int) (fuel_tank.cpp:38)
==334350==    by 0x110E6D: application_entry_point (application.cpp:30)
==334350==    by 0x112008: main (platform_specific.cpp:14)
==334350== 
==334350== Conditional jump or move depends on uninitialised value(s)
==334350==    at 0x111A04: VtolFuelTank::update_data() (fuel_tank.cpp:153)
==334350==    by 0x1113B8: VtolFuelTank::init(unsigned char, unsigned int, unsigned int, unsigned int) (fuel_tank.cpp:38)
==334350==    by 0x110E6D: application_entry_point (application.cpp:30)
==334350==    by 0x112008: main (platform_specific.cpp:14)
==334350== 
==334350== Use of uninitialised value of size 8
==334350==    at 0x1119E1: VtolFuelTank::update_data() (fuel_tank.cpp:154)
==334350==    by 0x1113B8: VtolFuelTank::init(unsigned char, unsigned int, unsigned int, unsigned int) (fuel_tank.cpp:38)
==334350==    by 0x110E6D: application_entry_point (application.cpp:30)
==334350==    by 0x112008: main (platform_specific.cpp:14)
==334350== 
==334350== Invalid read of size 2
==334350==    at 0x1119E1: VtolFuelTank::update_data() (fuel_tank.cpp:154)
==334350==    by 0x1113B8: VtolFuelTank::init(unsigned char, unsigned int, unsigned int, unsigned int) (fuel_tank.cpp:38)
==334350==    by 0x110E6D: application_entry_point (application.cpp:30)
==334350==    by 0x112008: main (platform_specific.cpp:14)
==334350==  Address 0x1fff001000 is not stack'd, malloc'd or (recently) free'd
==334350== 
==334350== 
==334350== Process terminating with default action of signal 11 (SIGSEGV)
==334350==  Access not within mapped region at address 0x1FFF001000
==334350==    at 0x1119E1: VtolFuelTank::update_data() (fuel_tank.cpp:154)
==334350==    by 0x1113B8: VtolFuelTank::init(unsigned char, unsigned int, unsigned int, unsigned int) (fuel_tank.cpp:38)
==334350==    by 0x110E6D: application_entry_point (application.cpp:30)
==334350==    by 0x112008: main (platform_specific.cpp:14)
==334350==  If you believe this happened as a result of a stack
==334350==  overflow in your program's main thread (unlikely but
==334350==  possible), you can try to increase the size of the
==334350==  main thread stack using the --main-stacksize= flag.
==334350==  The main thread stack size used in this run was 8388608.
==334350== 
==334350== HEAP SUMMARY:
==334350==     in use at exit: 73,728 bytes in 2 blocks
==334350==   total heap usage: 6 allocs, 4 frees, 91,056 bytes allocated
==334350== 
==334350== Searching for pointers to 2 not-freed blocks
==334350== Checked 153,912 bytes
==334350== 
==334350== LEAK SUMMARY:
==334350==    definitely lost: 0 bytes in 0 blocks
==334350==    indirectly lost: 0 bytes in 0 blocks
==334350==      possibly lost: 0 bytes in 0 blocks
==334350==    still reachable: 73,728 bytes in 2 blocks
==334350==         suppressed: 0 bytes in 0 blocks
==334350== Reachable blocks (those to which a pointer was found) are not shown.
==334350== To see them, rerun with: --leak-check=full --show-leak-kinds=all
==334350== 
==334350== Use --track-origins=yes to see where uninitialised values come from
==334350== ERROR SUMMARY: 6324 errors from 4 contexts (suppressed: 0 from 0)
==334350== 
==334350== 1 errors in context 1 of 4:
==334350== Invalid read of size 2
==334350==    at 0x1119E1: VtolFuelTank::update_data() (fuel_tank.cpp:154)
==334350==    by 0x1113B8: VtolFuelTank::init(unsigned char, unsigned int, unsigned int, unsigned int) (fuel_tank.cpp:38)
==334350==    by 0x110E6D: application_entry_point (application.cpp:30)
==334350==    by 0x112008: main (platform_specific.cpp:14)
==334350==  Address 0x1fff001000 is not stack'd, malloc'd or (recently) free'd
==334350== 
==334350== 
==334350== 1 errors in context 2 of 4:
==334350== Use of uninitialised value of size 8
==334350==    at 0x1119A4: VtolFuelTank::update_data() (fuel_tank.cpp:150)
==334350==    by 0x1113B8: VtolFuelTank::init(unsigned char, unsigned int, unsigned int, unsigned int) (fuel_tank.cpp:38)
==334350==    by 0x110E6D: application_entry_point (application.cpp:30)
==334350==    by 0x112008: main (platform_specific.cpp:14)
==334350== 
==334350== 
==334350== 3161 errors in context 3 of 4:
==334350== Use of uninitialised value of size 8
==334350==    at 0x1119E1: VtolFuelTank::update_data() (fuel_tank.cpp:154)
==334350==    by 0x1113B8: VtolFuelTank::init(unsigned char, unsigned int, unsigned int, unsigned int) (fuel_tank.cpp:38)
==334350==    by 0x110E6D: application_entry_point (application.cpp:30)
==334350==    by 0x112008: main (platform_specific.cpp:14)
==334350== 
==334350== 
==334350== 3161 errors in context 4 of 4:
==334350== Conditional jump or move depends on uninitialised value(s)
==334350==    at 0x111A04: VtolFuelTank::update_data() (fuel_tank.cpp:153)
==334350==    by 0x1113B8: VtolFuelTank::init(unsigned char, unsigned int, unsigned int, unsigned int) (fuel_tank.cpp:38)
==334350==    by 0x110E6D: application_entry_point (application.cpp:30)
==334350==    by 0x112008: main (platform_specific.cpp:14)
==334350== 
==334350== ERROR SUMMARY: 6324 errors from 4 contexts (suppressed: 0 from 0)
